wukong/app/build/intermediates/manifest_merge_blame_file/debug/manifest-merger-blame-debug-report.txt
1<?xml version="1.0" encoding="utf-8"?>
2<manifest xmlns:android="http://schemas.android.com/apk/res/android"
3    package="com.ubtrobot.mini.sdkdemo"
4    android:versionCode="1"
5    android:versionName="1.0" >
6
7    <uses-sdk
8        android:minSdkVersion="19"
9        android:targetSdkVersion="28" />
10
11    <uses-feature
11-->src\main\AndroidManifest.xml:5:5-7:36
12        android:name="android.hardware.camera"
12-->src\main\AndroidManifest.xml:6:9-47
13        android:required="false" />
13-->src\main\AndroidManifest.xml:7:9-33
14
15    <uses-permission android:name="com.ubtrobot.master.permission.MASTER" />
15-->src\main\AndroidManifest.xml:9:5-76
15-->src\main\AndroidManifest.xml:9:22-74
16    <uses-permission android:name="com.ubtrobot.master.permission.MASTER_SYSTEM_SERVICE" />
16-->src\main\AndroidManifest.xml:10:3-89
16-->src\main\AndroidManifest.xml:10:20-87
17    <!-- 在SDCard中创建与删除文件权限 -->
18    <!-- <uses-permission android:name="android.permission.MOUNT_UNMOUNT_FILESYSTEMS" -->
19    <!-- tools:ignore="ProtectedPermissions" /> -->
20
21    <uses-permission android:name="android.permission.WRITE_EXTERNAL_STORAGE" />
21-->src\main\AndroidManifest.xml:15:3-78
21-->src\main\AndroidManifest.xml:15:20-76
22    <uses-permission android:name="android.permission.READ_EXTERNAL_STORAGE" />
22-->src\main\AndroidManifest.xml:16:3-77
22-->src\main\AndroidManifest.xml:16:20-75
23    <uses-permission android:name="android.permission.INTERNET" />
23-->src\main\AndroidManifest.xml:17:3-65
23-->src\main\AndroidManifest.xml:17:20-62
24    <uses-permission android:name="android.permission.CHANGE_NETWORK_STATE" />
24-->src\main\AndroidManifest.xml:18:3-77
24-->src\main\AndroidManifest.xml:18:20-74
25    <uses-permission android:name="android.permission.ACCESS_NETWORK_STATE" />
25-->src\main\AndroidManifest.xml:19:3-77
25-->src\main\AndroidManifest.xml:19:20-74
26    <uses-permission android:name="android.permission.RECORD_AUDIO" />
26-->src\main\AndroidManifest.xml:21:3-68
26-->src\main\AndroidManifest.xml:21:20-66
27
28    <!-- hzl: 拍照并存储的权限 -->
29    <uses-permission android:name="android.permission.CAMERA" />
29-->src\main\AndroidManifest.xml:24:3-63
29-->src\main\AndroidManifest.xml:24:20-60
30    <uses-permission android:name="android.permission.WRITE_EXTERNAL_STORAGE" />
30-->src\main\AndroidManifest.xml:15:3-78
30-->src\main\AndroidManifest.xml:15:20-76
31    <uses-permission android:name="android.permission.RECEIVE_BOOT_COMPLETED" />
31-->[:phonecall-sdk-release:] AndroidManifest.xml:14:5-81
31-->[:phonecall-sdk-release:] AndroidManifest.xml:14:22-78
32    <uses-permission android:name="android.permission.READ_PHONE_STATE" />
32-->[:phonecall-sdk-release:] AndroidManifest.xml:15:5-75
32-->[:phonecall-sdk-release:] AndroidManifest.xml:15:22-72
33    <uses-permission android:name="android.permission.ACCESS_WIFI_STATE" />
33-->[:phonecall-sdk-release:] AndroidManifest.xml:17:5-76
33-->[:phonecall-sdk-release:] AndroidManifest.xml:17:22-73
34    <uses-permission android:name="android.permission.CHANGE_WIFI_STATE" />
34-->[:phonecall-sdk-release:] AndroidManifest.xml:18:5-76
34-->[:phonecall-sdk-release:] AndroidManifest.xml:18:22-73
35    <uses-permission android:name="android.permission.CHANGE_WIFI_MULTICAST_STATE" />
35-->[:phonecall-sdk-release:] AndroidManifest.xml:21:5-86
35-->[:phonecall-sdk-release:] AndroidManifest.xml:21:22-83
36    <uses-permission android:name="android.permission.ACCESS_FINE_LOCATION" />
36-->[:phonecall-sdk-release:] AndroidManifest.xml:23:5-79
36-->[:phonecall-sdk-release:] AndroidManifest.xml:23:22-76
37    <uses-permission android:name="android.permission.WAKE_LOCK" />
37-->[:phonecall-sdk-release:] AndroidManifest.xml:25:5-68
37-->[:phonecall-sdk-release:] AndroidManifest.xml:25:22-65
38    <uses-permission android:name="android.permission.CHANGE_CONFIGURATION" />
38-->[:phonecall-sdk-release:] AndroidManifest.xml:26:5-79
38-->[:phonecall-sdk-release:] AndroidManifest.xml:26:22-76
39    <uses-permission android:name="android.permission.KILL_BACKGROUND_PROCESSES" />
39-->[:phonecall-sdk-release:] AndroidManifest.xml:27:5-84
39-->[:phonecall-sdk-release:] AndroidManifest.xml:27:22-81
40    <uses-permission android:name="com.ubtechinc.contact.PROVIDER" />
40-->[:phonecall-sdk-release:] AndroidManifest.xml:28:5-70
40-->[:phonecall-sdk-release:] AndroidManifest.xml:28:22-67
41    <uses-permission android:name="com.harvic.contentProviderBlog.read" /> <!-- for ubt dataReport -->
41-->[:phonecall-sdk-release:] AndroidManifest.xml:29:5-75
41-->[:phonecall-sdk-release:] AndroidManifest.xml:29:22-72
42    <uses-permission android:name="com.ubtrobot.analytics.permissions.ANALYTICS" />
42-->[:phonecall-sdk-release:] AndroidManifest.xml:32:5-84
42-->[:phonecall-sdk-release:] AndroidManifest.xml:32:22-81
43
44    <application
44-->src\main\AndroidManifest.xml:27:3-142:17
45        android:name="com.ubtrobot.mini.sdkdemo.DemoApp"
45-->src\main\AndroidManifest.xml:28:7-30
46        android:allowBackup="true"
46-->src\main\AndroidManifest.xml:29:7-33
47        android:appComponentFactory="android.support.v4.app.CoreComponentFactory"
47-->[com.android.support:support-compat:28.0.0] AndroidManifest.xml:22:18-91
48        android:debuggable="true"
49        android:extractNativeLibs="true"
50        android:icon="@mipmap/ic_launcher"
50-->src\main\AndroidManifest.xml:30:7-41
51        android:label="@string/app_name"
51-->src\main\AndroidManifest.xml:31:7-39
52        android:roundIcon="@mipmap/ic_launcher_round"
52-->src\main\AndroidManifest.xml:32:7-52
53        android:supportsRtl="true"
53-->src\main\AndroidManifest.xml:33:7-33
54        android:testOnly="true"
55        android:theme="@style/AppTheme" >
55-->src\main\AndroidManifest.xml:34:7-38
56
57        <!-- <meta-data android:name="ubt-master-app" android:value="third_part_speechservice"/> -->
58
59        <activity android:name="com.ubtrobot.mini.sdkdemo.MainActivity" >
59-->src\main\AndroidManifest.xml:37:5-44:16
59-->src\main\AndroidManifest.xml:37:15-43
60            <intent-filter>
60-->src\main\AndroidManifest.xml:38:7-43:23
61                <action android:name="android.intent.action.MAIN" />
61-->src\main\AndroidManifest.xml:39:9-60
61-->src\main\AndroidManifest.xml:39:17-58
62                <action android:name="android.intent.action.VIEW" />
62-->src\main\AndroidManifest.xml:40:9-60
62-->src\main\AndroidManifest.xml:40:17-58
63
64                <category android:name="android.intent.category.LAUNCHER" />
64-->src\main\AndroidManifest.xml:42:9-68
64-->src\main\AndroidManifest.xml:42:19-66
65            </intent-filter>
66        </activity>
67        <activity
67-->src\main\AndroidManifest.xml:45:5-47:42
68            android:name="com.ubtrobot.mini.sdkdemo.ActionApiActivity"
68-->src\main\AndroidManifest.xml:46:9-42
69            android:theme="@style/AppTheme" />
69-->src\main\AndroidManifest.xml:47:9-40
70        <activity
70-->src\main\AndroidManifest.xml:48:5-50:42
71            android:name="com.ubtrobot.mini.sdkdemo.ExpressApiActivity"
71-->src\main\AndroidManifest.xml:49:9-43
72            android:theme="@style/AppTheme" />
72-->src\main\AndroidManifest.xml:50:9-40
73        <activity
73-->src\main\AndroidManifest.xml:51:5-53:42
74            android:name="com.ubtrobot.mini.sdkdemo.SpeechApiActivity"
74-->src\main\AndroidManifest.xml:52:9-42
75            android:theme="@style/AppTheme" />
75-->src\main\AndroidManifest.xml:53:9-40
76        <activity
76-->src\main\AndroidManifest.xml:54:5-56:42
77            android:name="com.ubtrobot.mini.sdkdemo.MotorApiActivity"
77-->src\main\AndroidManifest.xml:55:9-41
78            android:theme="@style/AppTheme" />
78-->src\main\AndroidManifest.xml:56:9-40
79        <activity
79-->src\main\AndroidManifest.xml:57:5-59:42
80            android:name="com.ubtrobot.mini.sdkdemo.FaceApiActivity"
80-->src\main\AndroidManifest.xml:58:9-40
81            android:theme="@style/AppTheme" />
81-->src\main\AndroidManifest.xml:59:9-40
82        <activity
82-->src\main\AndroidManifest.xml:60:5-62:42
83            android:name="com.ubtrobot.mini.sdkdemo.ObjectDetectApiActivity"
83-->src\main\AndroidManifest.xml:61:9-48
84            android:theme="@style/AppTheme" />
84-->src\main\AndroidManifest.xml:62:9-40
85        <activity
85-->src\main\AndroidManifest.xml:63:5-65:42
86            android:name="com.ubtrobot.mini.sdkdemo.TakePicApiActivity"
86-->src\main\AndroidManifest.xml:64:9-43
87            android:theme="@style/AppTheme" />
87-->src\main\AndroidManifest.xml:65:9-40
88        <activity
88-->src\main\AndroidManifest.xml:66:5-68:42
89            android:name="com.ubtrobot.mini.sdkdemo.MouthLedApiActivity"
89-->src\main\AndroidManifest.xml:67:9-44
90            android:theme="@style/AppTheme" />
90-->src\main\AndroidManifest.xml:68:9-40
91        <activity
91-->src\main\AndroidManifest.xml:69:5-71:42
92            android:name="com.ubtrobot.mini.sdkdemo.SysEventApiActivity"
92-->src\main\AndroidManifest.xml:70:9-44
93            android:theme="@style/AppTheme" />
93-->src\main\AndroidManifest.xml:71:9-40
94        <activity
94-->src\main\AndroidManifest.xml:72:5-74:42
95            android:name="com.ubtrobot.mini.sdkdemo.SysApiActivity"
95-->src\main\AndroidManifest.xml:73:9-39
96            android:theme="@style/AppTheme" />
96-->src\main\AndroidManifest.xml:74:9-40
97        <activity
97-->src\main\AndroidManifest.xml:75:5-77:42
98            android:name="com.ubtrobot.mini.sdkdemo.StandupApiActivity"
98-->src\main\AndroidManifest.xml:76:9-43
99            android:theme="@style/AppTheme" />
99-->src\main\AndroidManifest.xml:77:9-40
100        <activity
100-->src\main\AndroidManifest.xml:78:5-80:42
101            android:name="com.ubtrobot.mini.sdkdemo.SkillApiActivity"
101-->src\main\AndroidManifest.xml:79:9-41
102            android:theme="@style/AppTheme" />
102-->src\main\AndroidManifest.xml:80:9-40
103        <activity
103-->src\main\AndroidManifest.xml:81:5-83:42
104            android:name="com.ubtrobot.mini.sdkdemo.PowerApiActivity"
104-->src\main\AndroidManifest.xml:82:9-41
105            android:theme="@style/AppTheme" />
105-->src\main\AndroidManifest.xml:83:9-40
106        <activity
106-->src\main\AndroidManifest.xml:84:5-86:42
107            android:name="com.ubtrobot.mini.sdkdemo.BehaviorActivity"
107-->src\main\AndroidManifest.xml:85:9-41
108            android:theme="@style/AppTheme" />
108-->src\main\AndroidManifest.xml:86:9-40
109        <activity
109-->src\main\AndroidManifest.xml:87:5-89:42
110            android:name="com.ubtrobot.mini.sdkdemo.RobotInitActivity"
110-->src\main\AndroidManifest.xml:88:9-42
111            android:theme="@style/AppTheme" />
111-->src\main\AndroidManifest.xml:89:9-40
112        <activity
112-->src\main\AndroidManifest.xml:90:5-92:42
113            android:name="com.ubtrobot.mini.sdkdemo.DiscorverActivity"
113-->src\main\AndroidManifest.xml:91:9-42
114            android:theme="@style/AppTheme" />
114-->src\main\AndroidManifest.xml:92:9-40
115        <activity
115-->src\main\AndroidManifest.xml:93:5-95:42
116            android:name="com.ubtrobot.mini.sdkdemo.PhoneCallApiActivity"
116-->src\main\AndroidManifest.xml:94:9-45
117            android:theme="@style/AppTheme" />
117-->src\main\AndroidManifest.xml:95:9-40
118        <activity
118-->src\main\AndroidManifest.xml:97:5-98:42
119            android:name="com.ubtrobot.mini.sdkdemo.ApkSilentInstallerApiActivity"
119-->src\main\AndroidManifest.xml:97:15-60
120            android:theme="@style/AppTheme" />
120-->src\main\AndroidManifest.xml:98:9-40
121        <activity
121-->src\main\AndroidManifest.xml:99:5-100:42
122            android:name="com.ubtrobot.mini.sdkdemo.BuiltInSkillCallTestActivity"
122-->src\main\AndroidManifest.xml:99:15-59
123            android:theme="@style/AppTheme" />
123-->src\main\AndroidManifest.xml:100:9-40
124
125        <service
125-->src\main\AndroidManifest.xml:102:5-105:15
126            android:name="com.ubtrobot.mini.sdkdemo.DemoSkill"
126-->src\main\AndroidManifest.xml:102:14-39
127            android:exported="true" >
127-->src\main\AndroidManifest.xml:103:9-32
128            <meta-data
128-->src\main\AndroidManifest.xml:104:7-88
129                android:name="master.skill"
129-->src\main\AndroidManifest.xml:104:18-45
130                android:resource="@xml/demo_skill_path" />
130-->src\main\AndroidManifest.xml:104:46-85
131        </service>
132        <service
132-->src\main\AndroidManifest.xml:107:5-110:15
133            android:name="com.ubtrobot.mini.sdkdemo.skills.InterruptibleSkill"
133-->src\main\AndroidManifest.xml:107:14-55
134            android:exported="true" >
134-->src\main\AndroidManifest.xml:108:9-32
135            <meta-data
135-->src\main\AndroidManifest.xml:104:7-88
136                android:name="master.skill"
136-->src\main\AndroidManifest.xml:104:18-45
137                android:resource="@xml/demo_interruptible_skill" />
137-->src\main\AndroidManifest.xml:104:46-85
138        </service>
139        <service
139-->src\main\AndroidManifest.xml:112:5-115:15
140            android:name="com.ubtrobot.mini.sdkdemo.skills.UnInterruptibleSkill"
140-->src\main\AndroidManifest.xml:112:14-57
141            android:exported="true" >
141-->src\main\AndroidManifest.xml:113:9-32
142            <meta-data
142-->src\main\AndroidManifest.xml:104:7-88
143                android:name="master.skill"
143-->src\main\AndroidManifest.xml:104:18-45
144                android:resource="@xml/demo_uninterruptible_skill" />
144-->src\main\AndroidManifest.xml:104:46-85
145        </service>
146        <service
146-->src\main\AndroidManifest.xml:118:5-121:15
147            android:name="com.ubtrobot.mini.sdkdemo.skills.ParallelSkill"
147-->src\main\AndroidManifest.xml:118:14-50
148            android:exported="true" >
148-->src\main\AndroidManifest.xml:119:9-32
149            <meta-data
149-->src\main\AndroidManifest.xml:104:7-88
150                android:name="master.skill"
150-->src\main\AndroidManifest.xml:104:18-45
151                android:resource="@xml/demo_parallel_skill" />
151-->src\main\AndroidManifest.xml:104:46-85
152        </service>
153        <service
153-->src\main\AndroidManifest.xml:123:5-126:15
154            android:name="com.ubtrobot.mini.sdkdemo.skills.NoRecordInterrutibleSkill"
154-->src\main\AndroidManifest.xml:123:14-62
155            android:exported="true" >
155-->src\main\AndroidManifest.xml:124:9-32
156            <meta-data
156-->src\main\AndroidManifest.xml:104:7-88
157                android:name="master.skill"
157-->src\main\AndroidManifest.xml:104:18-45
158                android:resource="@xml/demo_norecord_in_skill" />
158-->src\main\AndroidManifest.xml:104:46-85
159        </service>
160        <service
160-->src\main\AndroidManifest.xml:128:5-131:15
161            android:name="com.ubtrobot.mini.sdkdemo.skills.NoRecordUnInterrutibleSkill"
161-->src\main\AndroidManifest.xml:128:14-64
162            android:exported="true" >
162-->src\main\AndroidManifest.xml:129:9-32
163            <meta-data
163-->src\main\AndroidManifest.xml:104:7-88
164                android:name="master.skill"
164-->src\main\AndroidManifest.xml:104:18-45
165                android:resource="@xml/demo_norecord_unin_skill" />
165-->src\main\AndroidManifest.xml:104:46-85
166        </service>
167        <service
167-->src\main\AndroidManifest.xml:133:5-136:15
168            android:name="com.ubtrobot.mini.sdkdemo.skills.LowpowerInterruptibleSkill"
168-->src\main\AndroidManifest.xml:133:14-63
169            android:exported="true" >
169-->src\main\AndroidManifest.xml:134:9-32
170            <meta-data
170-->src\main\AndroidManifest.xml:104:7-88
171                android:name="master.skill"
171-->src\main\AndroidManifest.xml:104:18-45
172                android:resource="@xml/demo_lp_interruptible_skill" />
172-->src\main\AndroidManifest.xml:104:46-85
173        </service>
174        <service
174-->src\main\AndroidManifest.xml:138:5-141:15
175            android:name="com.ubtrobot.mini.sdkdemo.skills.LowpowerUnInterruptibleSkill"
175-->src\main\AndroidManifest.xml:138:14-65
176            android:exported="true" >
176-->src\main\AndroidManifest.xml:139:9-32
177            <meta-data
177-->src\main\AndroidManifest.xml:104:7-88
178                android:name="master.skill"
178-->src\main\AndroidManifest.xml:104:18-45
179                android:resource="@xml/demo_lp_uninterruptible_skill" />
179-->src\main\AndroidManifest.xml:104:46-85
180        </service>
181    </application>
182
183</manifest>